0 info it worked if it ends with ok
1 verbose cli [ '/Users/scientifics/.nvm/versions/node/v6.9.2/bin/node',
1 verbose cli   '/Users/scientifics/.nvm/versions/node/v6.9.2/bin/npm',
1 verbose cli   'run-script',
1 verbose cli   'server' ]
2 info using npm@3.10.9
3 info using node@v6.9.2
4 verbose run-script [ 'preserver', 'server', 'postserver' ]
5 info lifecycle dynamic-resume@1.0.0~preserver: dynamic-resume@1.0.0
6 silly lifecycle dynamic-resume@1.0.0~preserver: no script for preserver, continuing
7 info lifecycle dynamic-resume@1.0.0~server: dynamic-resume@1.0.0
8 verbose lifecycle dynamic-resume@1.0.0~server: unsafe-perm in lifecycle true
9 verbose lifecycle dynamic-resume@1.0.0~server: PATH: /Users/scientifics/.nvm/versions/node/v6.9.2/lib/node_modules/npm/bin/node-gyp-bin:/Users/scientifics/Documents/Development Projects/portfolio/node_modules/.bin:/Users/scientifics/.nvm/versions/node/v6.9.2/bin:/usr/local/bin:/usr/bin:/bin:/usr/sbin:/sbin:/opt/X11/bin:/usr/texbin
10 verbose lifecycle dynamic-resume@1.0.0~server: CWD: /Users/scientifics/Documents/Development Projects/portfolio
11 silly lifecycle dynamic-resume@1.0.0~server: Args: [ '-c', 'server/node server.js' ]
12 info lifecycle dynamic-resume@1.0.0~server: Failed to exec server script
13 verbose stack Error: dynamic-resume@1.0.0 server: `server/node server.js`
13 verbose stack spawn ENOENT
13 verbose stack     at ChildProcess.<anonymous> (/Users/scientifics/.nvm/versions/node/v6.9.2/lib/node_modules/npm/lib/utils/spawn.js:33:16)
13 verbose stack     at emitTwo (events.js:106:13)
13 verbose stack     at ChildProcess.emit (events.js:191:7)
13 verbose stack     at maybeClose (internal/child_process.js:877:16)
13 verbose stack     at Process.ChildProcess._handle.onexit (internal/child_process.js:226:5)
14 verbose pkgid dynamic-resume@1.0.0
15 verbose cwd /Users/scientifics/Documents/Development Projects/portfolio
16 error Darwin 15.6.0
17 error argv "/Users/scientifics/.nvm/versions/node/v6.9.2/bin/node" "/Users/scientifics/.nvm/versions/node/v6.9.2/bin/npm" "run-script" "server"
18 error node v6.9.2
19 error npm  v3.10.9
20 error file sh
21 error code ELIFECYCLE
22 error errno ENOENT
23 error syscall spawn
24 error dynamic-resume@1.0.0 server: `server/node server.js`
24 error spawn ENOENT
25 error Failed at the dynamic-resume@1.0.0 server script 'server/node server.js'.
25 error Make sure you have the latest version of node.js and npm installed.
25 error If you do, this is most likely a problem with the dynamic-resume package,
25 error not with npm itself.
25 error Tell the author that this fails on your system:
25 error     server/node server.js
25 error You can get information on how to open an issue for this project with:
25 error     npm bugs dynamic-resume
25 error Or if that isn't available, you can get their info via:
25 error     npm owner ls dynamic-resume
25 error There is likely additional logging output above.
26 verbose exit [ 1, true ]
